2022-03-03 10:07:48.212  INFO 85436 --- [restartedMain] com.example.alpha_bank_t.Application     : Starting Application using Java 15.0.1 on MacBook-Pro-Gleb.local with PID 85436 (/Users/glebprotasov/Desktop/alpha_bank_t/target/classes started by glebprotasov in /Users/glebprotasov/Desktop/alpha_bank_t)
2022-03-03 10:07:48.274  INFO 85436 --- [restartedMain] com.example.alpha_bank_t.Application     : No active profile set, falling back to default profiles: default
2022-03-03 10:07:48.472  INFO 85436 --- [restartedMain] .e.DevToolsPropertyDefaultsPostProcessor : Devtools property defaults active! Set 'spring.devtools.add-properties' to 'false' to disable
2022-03-03 10:07:48.472  INFO 85436 --- [restartedMain] .e.DevToolsPropertyDefaultsPostProcessor : For additional web related logging consider setting the 'logging.level.web' property to 'DEBUG'
2022-03-03 10:07:50.649  INFO 85436 --- [restartedMain] .s.d.r.c.RepositoryConfigurationDelegate : Bootstrapping Spring Data JPA repositories in DEFAULT mode.
2022-03-03 10:07:50.807  INFO 85436 --- [restartedMain] .s.d.r.c.RepositoryConfigurationDelegate : Finished Spring Data repository scanning in 137 ms. Found 3 JPA repository interfaces.
2022-03-03 10:07:52.950  INFO 85436 --- [restartedMain] o.s.b.w.embedded.tomcat.TomcatWebServer  : Tomcat initialized with port(s): 9966 (http)
2022-03-03 10:07:52.973  INFO 85436 --- [restartedMain] o.apache.catalina.core.StandardService   : Starting service [Tomcat]
2022-03-03 10:07:52.973  INFO 85436 --- [restartedMain] org.apache.catalina.core.StandardEngine  : Starting Servlet engine: [Apache Tomcat/9.0.56]
2022-03-03 10:07:53.208  INFO 85436 --- [restartedMain] o.a.c.c.C.[Tomcat].[localhost].[/]       : Initializing Spring embedded WebApplicationContext
2022-03-03 10:07:53.209  INFO 85436 --- [restartedMain] w.s.c.ServletWebServerApplicationContext : Root WebApplicationContext: initialization completed in 4736 ms
2022-03-03 10:07:53.375  INFO 85436 --- [restartedMain] com.zaxxer.hikari.HikariDataSource       : HikariPool-1 - Starting...
2022-03-03 10:07:53.794  INFO 85436 --- [restartedMain] com.zaxxer.hikari.HikariDataSource       : HikariPool-1 - Start completed.
2022-03-03 10:07:53.812  INFO 85436 --- [restartedMain] o.s.b.a.h2.H2ConsoleAutoConfiguration    : H2 console available at '/h2-console'. Database available at 'jdbc:h2:mem:testdb'
2022-03-03 10:07:54.399  INFO 85436 --- [restartedMain] o.hibernate.jpa.internal.util.LogHelper  : HHH000204: Processing PersistenceUnitInfo [name: default]
2022-03-03 10:07:54.500  INFO 85436 --- [restartedMain] org.hibernate.Version                    : HHH000412: Hibernate ORM core version 5.6.4.Final
2022-03-03 10:07:54.848  INFO 85436 --- [restartedMain] o.hibernate.annotations.common.Version   : HCANN000001: Hibernate Commons Annotations {5.1.2.Final}
2022-03-03 10:07:55.051  INFO 85436 --- [restartedMain] org.hibernate.dialect.Dialect            : HHH000400: Using dialect: org.hibernate.dialect.H2Dialect
2022-03-03 10:07:56.778  INFO 85436 --- [restartedMain] o.h.e.t.j.p.i.JtaPlatformInitiator       : HHH000490: Using JtaPlatform implementation: [org.hibernate.engine.transaction.jta.platform.internal.NoJtaPlatform]
2022-03-03 10:07:56.829  INFO 85436 --- [restartedMain] j.LocalContainerEntityManagerFactoryBean : Initialized JPA EntityManagerFactory for persistence unit 'default'
2022-03-03 10:07:58.584  WARN 85436 --- [restartedMain] JpaBaseConfiguration$JpaWebConfiguration : spring.jpa.open-in-view is enabled by default. Therefore, database queries may be performed during view rendering. Explicitly configure spring.jpa.open-in-view to disable this warning
2022-03-03 10:08:00.343  WARN 85436 --- [restartedMain] o.s.b.d.a.OptionalLiveReloadServer       : Unable to start LiveReload server
2022-03-03 10:08:00.450  INFO 85436 --- [restartedMain] o.s.b.w.embedded.tomcat.TomcatWebServer  : Tomcat started on port(s): 9966 (http) with context path ''
2022-03-03 10:08:00.474  INFO 85436 --- [restartedMain] com.example.alpha_bank_t.Application     : Started Application in 13.036 seconds (JVM running for 21.721)
2022-03-03 10:08:42.495  INFO 85436 --- [http-nio-9966-exec-1] o.a.c.c.C.[Tomcat].[localhost].[/]       : Initializing Spring DispatcherServlet 'dispatcherServlet'
2022-03-03 10:08:42.496  INFO 85436 --- [http-nio-9966-exec-1] o.s.web.servlet.DispatcherServlet        : Initializing Servlet 'dispatcherServlet'
2022-03-03 10:08:42.501  INFO 85436 --- [http-nio-9966-exec-1] o.s.web.servlet.DispatcherServlet        : Completed initialization in 5 ms
2022-03-03 10:09:34.135  INFO 85436 --- [SpringApplicationShutdownHook] j.LocalContainerEntityManagerFactoryBean : Closing JPA EntityManagerFactory for persistence unit 'default'
2022-03-03 10:09:34.432  WARN 85436 --- [SpringApplicationShutdownHook] o.s.b.f.support.DisposableBeanAdapter    : Invocation of destroy method failed on bean with name 'inMemoryDatabaseShutdownExecutor': org.h2.jdbc.JdbcSQLNonTransientConnectionException: База данных уже закрыта (чтобы отключить автоматическое закрытие базы данных при останове JVM, добавьте ";DB_CLOSE_ON_EXIT=FALSE" в URL)
Database is already closed (to disable automatic closing at VM shutdown, add ";DB_CLOSE_ON_EXIT=FALSE" to the db URL) [90121-200]
2022-03-03 10:09:34.433  INFO 85436 --- [SpringApplicationShutdownHook] com.zaxxer.hikari.HikariDataSource       : HikariPool-1 - Shutdown initiated...
2022-03-03 10:09:34.440  INFO 85436 --- [SpringApplicationShutdownHook] com.zaxxer.hikari.HikariDataSource       : HikariPool-1 - Shutdown completed.
2022-03-03 10:09:54.729  INFO 85482 --- [restartedMain] com.example.alpha_bank_t.Application     : Starting Application using Java 15.0.1 on MacBook-Pro-Gleb.local with PID 85482 (/Users/glebprotasov/Desktop/alpha_bank_t/target/classes started by glebprotasov in /Users/glebprotasov/Desktop/alpha_bank_t)
2022-03-03 10:09:54.731  INFO 85482 --- [restartedMain] com.example.alpha_bank_t.Application     : No active profile set, falling back to default profiles: default
2022-03-03 10:09:54.904  INFO 85482 --- [restartedMain] .e.DevToolsPropertyDefaultsPostProcessor : Devtools property defaults active! Set 'spring.devtools.add-properties' to 'false' to disable
2022-03-03 10:09:54.905  INFO 85482 --- [restartedMain] .e.DevToolsPropertyDefaultsPostProcessor : For additional web related logging consider setting the 'logging.level.web' property to 'DEBUG'
2022-03-03 10:09:56.569  INFO 85482 --- [restartedMain] .s.d.r.c.RepositoryConfigurationDelegate : Bootstrapping Spring Data JPA repositories in DEFAULT mode.
2022-03-03 10:09:56.690  INFO 85482 --- [restartedMain] .s.d.r.c.RepositoryConfigurationDelegate : Finished Spring Data repository scanning in 106 ms. Found 3 JPA repository interfaces.
2022-03-03 10:09:58.161  INFO 85482 --- [restartedMain] o.s.b.w.embedded.tomcat.TomcatWebServer  : Tomcat initialized with port(s): 9966 (http)
2022-03-03 10:09:58.174  INFO 85482 --- [restartedMain] o.apache.catalina.core.StandardService   : Starting service [Tomcat]
2022-03-03 10:09:58.175  INFO 85482 --- [restartedMain] org.apache.catalina.core.StandardEngine  : Starting Servlet engine: [Apache Tomcat/9.0.56]
2022-03-03 10:09:58.299  INFO 85482 --- [restartedMain] o.a.c.c.C.[Tomcat].[localhost].[/]       : Initializing Spring embedded WebApplicationContext
2022-03-03 10:09:58.300  INFO 85482 --- [restartedMain] w.s.c.ServletWebServerApplicationContext : Root WebApplicationContext: initialization completed in 3394 ms
2022-03-03 10:09:58.394  INFO 85482 --- [restartedMain] com.zaxxer.hikari.HikariDataSource       : HikariPool-1 - Starting...
2022-03-03 10:09:58.574  INFO 85482 --- [restartedMain] com.zaxxer.hikari.HikariDataSource       : HikariPool-1 - Start completed.
2022-03-03 10:09:58.589  INFO 85482 --- [restartedMain] o.s.b.a.h2.H2ConsoleAutoConfiguration    : H2 console available at '/h2-console'. Database available at 'jdbc:h2:mem:testdb'
2022-03-03 10:09:58.935  INFO 85482 --- [restartedMain] o.hibernate.jpa.internal.util.LogHelper  : HHH000204: Processing PersistenceUnitInfo [name: default]
2022-03-03 10:09:58.982  INFO 85482 --- [restartedMain] org.hibernate.Version                    : HHH000412: Hibernate ORM core version 5.6.4.Final
2022-03-03 10:09:59.151  INFO 85482 --- [restartedMain] o.hibernate.annotations.common.Version   : HCANN000001: Hibernate Commons Annotations {5.1.2.Final}
2022-03-03 10:09:59.284  INFO 85482 --- [restartedMain] org.hibernate.dialect.Dialect            : HHH000400: Using dialect: org.hibernate.dialect.H2Dialect
2022-03-03 10:10:00.245  INFO 85482 --- [restartedMain] o.h.e.t.j.p.i.JtaPlatformInitiator       : HHH000490: Using JtaPlatform implementation: [org.hibernate.engine.transaction.jta.platform.internal.NoJtaPlatform]
2022-03-03 10:10:00.254  INFO 85482 --- [restartedMain] j.LocalContainerEntityManagerFactoryBean : Initialized JPA EntityManagerFactory for persistence unit 'default'
2022-03-03 10:10:01.406  WARN 85482 --- [restartedMain] JpaBaseConfiguration$JpaWebConfiguration : spring.jpa.open-in-view is enabled by default. Therefore, database queries may be performed during view rendering. Explicitly configure spring.jpa.open-in-view to disable this warning
2022-03-03 10:10:02.730  WARN 85482 --- [restartedMain] o.s.b.d.a.OptionalLiveReloadServer       : Unable to start LiveReload server
2022-03-03 10:10:02.791  INFO 85482 --- [restartedMain] o.s.b.w.embedded.tomcat.TomcatWebServer  : Tomcat started on port(s): 9966 (http) with context path ''
2022-03-03 10:10:02.815  INFO 85482 --- [restartedMain] com.example.alpha_bank_t.Application     : Started Application in 8.879 seconds (JVM running for 16.172)
2022-03-03 10:10:25.292  INFO 85482 --- [http-nio-9966-exec-1] o.a.c.c.C.[Tomcat].[localhost].[/]       : Initializing Spring DispatcherServlet 'dispatcherServlet'
2022-03-03 10:10:25.292  INFO 85482 --- [http-nio-9966-exec-1] o.s.web.servlet.DispatcherServlet        : Initializing Servlet 'dispatcherServlet'
2022-03-03 10:10:25.294  INFO 85482 --- [http-nio-9966-exec-1] o.s.web.servlet.DispatcherServlet        : Completed initialization in 2 ms
